<?xml version="1.0" encoding="UTF-8"?>
<!-- Generated by org.testng.reporters.JUnitReportReporter -->
<testsuite hostname="admin" failures="0" tests="1" name="com.qa.democart.test.ProductInfoTest" time="14.399" errors="0" timestamp="02 Apr 2021 04:32:55 GMT" skipped="0">
  <testcase classname="com.qa.democart.test.ProductInfoTest" name="verifyProductInfoTest" time="14.399"/>
</testsuite> <!-- com.qa.democart.test.ProductInfoTest -->
