<?xml version="1.0" encoding="UTF-8"?>
<!-- Generated by org.testng.reporters.JUnitReportReporter -->
<testsuite hostname="admin" failures="0" tests="2" name="com.qa.democart.test.AccountPageTest" time="1.701" errors="0" timestamp="30 Mar 2021 10:45:37 GMT" skipped="0">
  <testcase classname="com.qa.democart.test.AccountPageTest" name="accountLinkTest" time="1.467"/>
  <testcase classname="com.qa.democart.test.AccountPageTest" name="headerInfoTest" time="0.234"/>
</testsuite> <!-- com.qa.democart.test.AccountPageTest -->
