<?xml version="1.0" encoding="UTF-8"?>
<!-- Generated by org.testng.reporters.JUnitReportReporter -->
<testsuite hostname="admin" failures="0" tests="3" name="com.qa.democart.test.RegisterPageTest" time="35.035" errors="0" timestamp="02 Apr 2021 07:42:46 GMT" skipped="0">
  <testcase classname="com.qa.democart.test.RegisterPageTest" name="doRegistrationTest" time="12.365"/>
  <testcase classname="com.qa.democart.test.RegisterPageTest" name="doRegistrationTest" time="12.003"/>
  <testcase classname="com.qa.democart.test.RegisterPageTest" name="doRegistrationTest" time="10.667"/>
</testsuite> <!-- com.qa.democart.test.RegisterPageTest -->
