<?xml version="1.0" encoding="UTF-8"?>
<!-- Generated by org.testng.reporters.JUnitReportReporter -->
<testsuite hostname="admin" failures="0" tests="3" name="com.qa.democart.test.LoginPageTest" time="11.353" errors="0" timestamp="30 Mar 2021 11:48:05 GMT" skipped="0">
  <testcase classname="com.qa.democart.test.LoginPageTest" name="titleTest" time="0.057"/>
  <testcase classname="com.qa.democart.test.LoginPageTest" name="headerDisplayTest" time="1.908"/>
  <testcase classname="com.qa.democart.test.LoginPageTest" name="doLoginTest" time="9.388"/>
</testsuite> <!-- com.qa.democart.test.LoginPageTest -->
