<?xml version="1.0" encoding="UTF-8"?>
<!-- Generated by org.testng.reporters.JUnitReportReporter -->
<testsuite hostname="admin" failures="0" tests="3" name="com.qa.democart.test.LoginPageTest" time="7.546" errors="0" timestamp="07 Apr 2021 14:34:51 GMT" skipped="0">
  <testcase classname="com.qa.democart.test.LoginPageTest" name="titleTest" time="2.548"/>
  <testcase classname="com.qa.democart.test.LoginPageTest" name="headerDisplayTest" time="0.302"/>
  <testcase classname="com.qa.democart.test.LoginPageTest" name="doLoginTest" time="4.696"/>
</testsuite> <!-- com.qa.democart.test.LoginPageTest -->
