<?xml version="1.0" encoding="UTF-8"?>
<!-- Generated by org.testng.reporters.JUnitReportReporter -->
<testsuite hostname="admin" failures="0" tests="2" name="com.qa.democart.test.AccountPageTest" time="10.572" errors="0" timestamp="08 Apr 2021 15:07:44 GMT" skipped="0">
  <testcase classname="com.qa.democart.test.AccountPageTest" name="searchTest" time="3.862"/>
  <testcase classname="com.qa.democart.test.AccountPageTest" name="searchTest" time="6.710"/>
</testsuite> <!-- com.qa.democart.test.AccountPageTest -->
