<?xml version="1.0" encoding="UTF-8"?>
<!-- Generated by org.testng.reporters.JUnitReportReporter -->
<testsuite hostname="admin" failures="0" tests="1" name="com.qa.democart.test.LoginPageTest" time="0.667" errors="0" timestamp="08 Apr 2021 05:16:42 GMT" skipped="0">
  <testcase classname="com.qa.democart.test.LoginPageTest" name="titleTest" time="0.667"/>
</testsuite> <!-- com.qa.democart.test.LoginPageTest -->
