<?xml version="1.0" encoding="UTF-8"?>
<!-- Generated by org.testng.reporters.JUnitReportReporter -->
<testsuite hostname="admin" failures="0" tests="5" name="com.qa.democart.test.AccountPageTest" time="66.032" errors="0" timestamp="08 Apr 2021 04:59:25 GMT" skipped="0">
  <testcase classname="com.qa.democart.test.AccountPageTest" name="accountLinkTest" time="5.702"/>
  <testcase classname="com.qa.democart.test.AccountPageTest" name="headerInfoTest" time="0.500"/>
  <testcase classname="com.qa.democart.test.AccountPageTest" name="searchTest_iMac" time="10.137"/>
  <testcase classname="com.qa.democart.test.AccountPageTest" name="searchTest_MacBook" time="4.634"/>
  <testcase classname="com.qa.democart.test.AccountPageTest" name="verifyProductResult" time="45.059"/>
</testsuite> <!-- com.qa.democart.test.AccountPageTest -->
